{"name":"Create New Patient in DB","status":"skipped","statusDetails":{"known":false,"muted":false,"flaky":false,"message":"java.lang.ClassCastException: class org.json.simple.JSONObject cannot be cast to class org.json.simple.JSONArray (org.json.simple.JSONObject and org.json.simple.JSONArray are in unnamed module of loader 'app')","trace":"java.lang.RuntimeException: java.lang.ClassCastException: class org.json.simple.JSONObject cannot be cast to class org.json.simple.JSONArray (org.json.simple.JSONObject and org.json.simple.JSONArray are in unnamed module of loader 'app')\r\n\tat org.testng.internal.MethodInvocationHelper.invokeMethodNoCheckedException(MethodInvocationHelper.java:49)\r\n\tat org.testng.internal.MethodInvocationHelper.invokeDataProvider(MethodInvocationHelper.java:145)\r\n\tat org.testng.internal.Parameters.handleParameters(Parameters.java:797)\r\n\tat org.testng.internal.Parameters.handleParameters(Parameters.java:740)\r\n\tat org.testng.internal.ParameterHandler.handleParameters(ParameterHandler.java:59)\r\n\tat org.testng.internal.ParameterHandler.createParameters(ParameterHandler.java:38)\r\n\tat org.testng.internal.TestInvoker$MethodInvocationAgent.invoke(TestInvoker.java:789)\r\n\tat org.testng.internal.TestInvoker.invokeTestMethods(TestInvoker.java:147)\r\n\tat org.testng.internal.TestMethodWorker.invokeTestMethods(TestMethodWorker.java:146)\r\n\tat org.testng.internal.TestMethodWorker.run(TestMethodWorker.java:128)\r\n\tat java.base/java.util.ArrayList.forEach(ArrayList.java:1511)\r\n\tat org.testng.TestRunner.privateRun(TestRunner.java:764)\r\n\tat org.testng.TestRunner.run(TestRunner.java:585)\r\n\tat org.testng.SuiteRunner.runTest(SuiteRunner.java:384)\r\n\tat org.testng.SuiteRunner.runSequentially(SuiteRunner.java:378)\r\n\tat org.testng.SuiteRunner.privateRun(SuiteRunner.java:337)\r\n\tat org.testng.SuiteRunner.run(SuiteRunner.java:286)\r\n\tat org.testng.SuiteRunnerWorker.runSuite(SuiteRunnerWorker.java:53)\r\n\tat org.testng.SuiteRunnerWorker.run(SuiteRunnerWorker.java:96)\r\n\tat org.testng.TestNG.runSuitesSequentially(TestNG.java:1218)\r\n\tat org.testng.TestNG.runSuitesLocally(TestNG.java:1140)\r\n\tat org.testng.TestNG.runSuites(TestNG.java:1069)\r\n\tat org.testng.TestNG.run(TestNG.java:1037)\r\n\tat org.testng.remote.AbstractRemoteTestNG.run(AbstractRemoteTestNG.java:115)\r\n\tat org.testng.remote.RemoteTestNG.initAndRun(RemoteTestNG.java:251)\r\n\tat org.testng.remote.RemoteTestNG.main(RemoteTestNG.java:77)\r\nCaused by: java.lang.ClassCastException: class org.json.simple.JSONObject cannot be cast to class org.json.simple.JSONArray (org.json.simple.JSONObject and org.json.simple.JSONArray are in unnamed module of loader 'app')\r\n\tat CustomerApp.TestCasePackage.TestScripts.PatientsScripts.CreatePatient.payload(CreatePatient.java:103)\r\n\tat java.base/jdk.internal.reflect.NativeMethodAccessorImpl.invoke0(Native Method)\r\n\tat java.base/jdk.internal.reflect.NativeMethodAccessorImpl.invoke(NativeMethodAccessorImpl.java:64)\r\n\tat java.base/jdk.internal.reflect.DelegatingMethodAccessorImpl.invoke(DelegatingMethodAccessorImpl.java:43)\r\n\tat java.base/java.lang.reflect.Method.invoke(Method.java:564)\r\n\tat org.testng.internal.MethodInvocationHelper.invokeMethod(MethodInvocationHelper.java:132)\r\n\tat org.testng.internal.MethodInvocationHelper.invokeMethod(MethodInvocationHelper.java:76)\r\n\tat org.testng.internal.MethodInvocationHelper.invokeMethodNoCheckedException(MethodInvocationHelper.java:45)\r\n\t... 25 more\r\n"},"stage":"finished","steps":[],"attachments":[],"parameters":[],"start":1612863191865,"stop":1612863191870,"uuid":"9fbcee51-c4be-4d1b-940a-f8a33c9287ad","historyId":"41c6d76be2dd7db36ce83174bad63821","fullName":"CustomerApp.TestCasePackage.TestScripts.PatientsScripts.CreatePatient.createPatient","labels":[{"name":"package","value":"CustomerApp.TestCasePackage.TestScripts.PatientsScripts.CreatePatient"},{"name":"testClass","value":"CustomerApp.TestCasePackage.TestScripts.PatientsScripts.CreatePatient"},{"name":"testMethod","value":"createPatient"},{"name":"parentSuite","value":"Default suite"},{"name":"suite","value":"Default test"},{"name":"subSuite","value":"CustomerApp.TestCasePackage.TestScripts.PatientsScripts.CreatePatient"},{"name":"host","value":"HCAH-L-PF19KTHT"},{"name":"thread","value":"18332@HCAH-L-PF19KTHT.main(1)"},{"name":"framework","value":"testng"},{"name":"language","value":"java"}],"links":[]}